<?xml version="1.0" encoding="UTF-8"?>
<!-- Generated by org.testng.reporters.JUnitXMLReporter -->
<testsuite ignored="0" hostname="LAPTOP-O1VVPRH9" failures="0" tests="3" name="Default test" time="0.064" errors="0" timestamp="2022-05-27T17:59:12 IST">
  <testcase classname="testPaytm.VerifyRechargeAndStockTabs" name="@BeforeTest launchBrowser" time="-1.653654552436E9">
    <failure type="org.testng.TestNGException" message="
Parameter &amp;apos;browserName&amp;apos; is required by BeforeTest on method launchBrowser but has not been marked @Optional or defined
in C:\Users\hp\AppData\Local\Temp\testng-eclipse--959756473\testng-customsuite.xml">
      <![CDATA[org.testng.TestNGException: 
Parameter 'browserName' is required by BeforeTest on method launchBrowser but has not been marked @Optional or defined
in C:\Users\hp\AppData\Local\Temp\testng-eclipse--959756473\testng-customsuite.xml
at org.testng.internal.Parameters.createParams(Parameters.java:270)
at org.testng.internal.Parameters.createParametersForMethod(Parameters.java:358)
at org.testng.internal.Parameters.createParameters(Parameters.java:700)
at org.testng.internal.Parameters.createConfigurationParameters(Parameters.java:168)
at org.testng.internal.ConfigInvoker.invokeConfigurations(ConfigInvoker.java:302)
at org.testng.TestRunner.invokeTestConfigurations(TestRunner.java:637)
at org.testng.TestRunner.beforeRun(TestRunner.java:627)
at org.testng.TestRunner.run(TestRunner.java:589)
at org.testng.SuiteRunner.runTest(SuiteRunner.java:377)
at org.testng.SuiteRunner.runSequentially(SuiteRunner.java:371)
at org.testng.SuiteRunner.privateRun(SuiteRunner.java:332)
at org.testng.SuiteRunner.run(SuiteRunner.java:276)
at org.testng.SuiteRunnerWorker.runSuite(SuiteRunnerWorker.java:53)
at org.testng.SuiteRunnerWorker.run(SuiteRunnerWorker.java:96)
at org.testng.TestNG.runSuitesSequentially(TestNG.java:1212)
at org.testng.TestNG.runSuitesLocally(TestNG.java:1134)
at org.testng.TestNG.runSuites(TestNG.java:1063)
at org.testng.TestNG.run(TestNG.java:1031)
at org.testng.remote.AbstractRemoteTestNG.run(AbstractRemoteTestNG.java:115)
at org.testng.remote.RemoteTestNG.initAndRun(RemoteTestNG.java:251)
at org.testng.remote.RemoteTestNG.main(RemoteTestNG.java:77)
]]>
    </failure>
  </testcase> <!-- @BeforeTest launchBrowser -->
  <testcase classname="testPaytm.VerifyRechargeAndStockTabs" name="@BeforeClass createPomClassObject" time="-1.653654552462E9">
    <skipped/>
  </testcase> <!-- @BeforeClass createPomClassObject -->
  <testcase classname="testPaytm.VerifyRechargeAndStockTabs" name="@BeforeMethod launchPaytmAppl" time="-1.653654552472E9">
    <skipped/>
  </testcase> <!-- @BeforeMethod launchPaytmAppl -->
  <testcase classname="testPaytm.VerifyRechargeAndStockTabs" name="@AfterMethod toCaptureScreenshot" time="-1.653654552479E9">
    <skipped/>
  </testcase> <!-- @AfterMethod toCaptureScreenshot -->
  <testcase classname="testPaytm.VerifyRechargeAndStockTabs" name="@BeforeMethod launchPaytmAppl" time="-1.653654552481E9">
    <skipped/>
  </testcase> <!-- @BeforeMethod launchPaytmAppl -->
  <testcase classname="testPaytm.VerifyRechargeAndStockTabs" name="@AfterMethod toCaptureScreenshot" time="-1.653654552485E9">
    <skipped/>
  </testcase> <!-- @AfterMethod toCaptureScreenshot -->
  <testcase classname="testPaytm.VerifyRechargeAndStockTabs" name="@BeforeMethod launchPaytmAppl" time="-1.653654552486E9">
    <skipped/>
  </testcase> <!-- @BeforeMethod launchPaytmAppl -->
  <testcase classname="testPaytm.VerifyRechargeAndStockTabs" name="@AfterMethod toCaptureScreenshot" time="-1.653654552489E9">
    <skipped/>
  </testcase> <!-- @AfterMethod toCaptureScreenshot -->
  <testcase classname="testPaytm.VerifyRechargeAndStockTabs" name="@AfterClass clearPomClassObjects" time="-1.653654552491E9">
    <skipped/>
  </testcase> <!-- @AfterClass clearPomClassObjects -->
  <testcase classname="testPaytm.VerifyRechargeAndStockTabs" name="@AfterTest closeBrowser" time="-1.653654552493E9">
    <skipped/>
  </testcase> <!-- @AfterTest closeBrowser -->
  <testcase classname="testPaytm.VerifyRechargeAndStockTabs" name="verifyRechargeTab" time="0.0">
    <skipped/>
  </testcase> <!-- verifyRechargeTab -->
  <testcase classname="testPaytm.VerifyRechargeAndStockTabs" name="verifyRechargeTab" time="0.0">
    <skipped/>
  </testcase> <!-- verifyRechargeTab -->
  <testcase classname="testPaytm.VerifyRechargeAndStockTabs" name="verifyRechargeTab" time="0.0">
    <skipped/>
  </testcase> <!-- verifyRechargeTab -->
</testsuite> <!-- Default test -->
